IVP-132a.5 ACK stress test — port=COM9 duration=450.0s interval=10.0s inject_drops=0
------------------------------------------------------------
[t=  0.0s] SEND DISARM
[t= 10.2s] SEND DISARM
  [RETRY] [CMD] Retry 1 (seq=101)
  [ACK] [CMD] ACK'd (seq=101)
[t= 20.1s] SEND DISARM
  [RETRY] [CMD] Retry 1 (seq=102)
  [RETRY] [CMD] Retry 2 (seq=102)
  [RETRY] [CMD] Retry 3 (seq=102)
[t= 30.3s] SEND DISARM
  [RETRY] [CMD] Retry 1 (seq=103)
  [RETRY] [CMD] Retry 2 (seq=103)
  [RETRY] [CMD] Retry 3 (seq=103)
[t= 40.1s] SEND DISARM
  [RETRY] [CMD] Retry 1 (seq=104)
  [RETRY] [CMD] Retry 2 (seq=104)
  [RETRY] [CMD] Retry 3 (seq=104)
[t= 50.2s] SEND DISARM
  [ACK] [CMD] ACK'd (seq=105)
[t= 60.1s] SEND DISARM
  [RETRY] [CMD] Retry 1 (seq=106)
  [RETRY] [CMD] Retry 2 (seq=106)
  [RETRY] [CMD] Retry 3 (seq=106)
[t= 70.3s] SEND DISARM
  [RETRY] [CMD] Retry 1 (seq=107)
  [RETRY] [CMD] Retry 2 (seq=107)
  [RETRY] [CMD] Retry 3 (seq=107)
[t= 80.1s] SEND DISARM
  [RETRY] [CMD] Retry 1 (seq=108)
  [RETRY] [CMD] Retry 2 (seq=108)
  [RETRY] [CMD] Retry 3 (seq=108)
[t= 90.2s] SEND DISARM
  [RETRY] [CMD] Retry 1 (seq=109)
  [RETRY] [CMD] Retry 2 (seq=109)
  [RETRY] [CMD] Retry 3 (seq=109)
  [ACK] [CMD] ACK'd (seq=109)
[t=100.2s] SEND DISARM
  [RETRY] [CMD] Retry 1 (seq=110)
  [RETRY] [CMD] Retry 2 (seq=110)
  [RETRY] [CMD] Retry 3 (seq=110)
[t=110.1s] SEND DISARM
  [RETRY] [CMD] Retry 1 (seq=111)
  [RETRY] [CMD] Retry 2 (seq=111)
  [ACK] [CMD] ACK'd (seq=111)
[t=120.2s] SEND DISARM
  [RETRY] [CMD] Retry 1 (seq=112)
  [RETRY] [CMD] Retry 2 (seq=112)
  [RETRY] [CMD] Retry 3 (seq=112)
[t=130.3s] SEND DISARM
  [RETRY] [CMD] Retry 1 (seq=113)
  [RETRY] [CMD] Retry 2 (seq=113)
  [RETRY] [CMD] Retry 3 (seq=113)
[t=140.2s] SEND DISARM
  [RETRY] [CMD] Retry 1 (seq=114)
  [RETRY] [CMD] Retry 2 (seq=114)
  [RETRY] [CMD] Retry 3 (seq=114)
[t=150.1s] SEND DISARM
  [RETRY] [CMD] Retry 1 (seq=115)
  [RETRY] [CMD] Retry 2 (seq=115)
  [ACK] [CMD] ACK'd (seq=115)
[t=160.2s] SEND DISARM
  [ACK] [main] [CMD] ACK'd (seq=116)
[t=170.4s] SEND DISARM
  [RETRY] [CMD] Retry 1 (seq=117)
  [RETRY] [CMD] Retry 2 (seq=117)
  [RETRY] [CMD] Retry 3 (seq=117)
[t=180.3s] SEND DISARM
  [RETRY] [CMD] Retry 1 (seq=118)
  [RETRY] [CMD] Retry 2 (seq=118)
  [RETRY] [CMD] Retry 3 (seq=118)
[t=190.1s] SEND DISARM
  [RETRY] [CMD] Retry 1 (seq=119)
  [RETRY] [CMD] Retry 2 (seq=119)
  [RETRY] [CMD] Retry 3 (seq=119)
[t=200.2s] SEND DISARM
  [RETRY] [CMD] Retry 1 (seq=120)
  [RETRY] [CMD] Retry 2 (seq=120)
  [RETRY] [CMD] Retry 3 (seq=120)
  [ACK] [CMD] ACK'd (seq=120)
[t=210.2s] SEND DISARM
  [RETRY] [CMD] Retry 1 (seq=121)
  [RETRY] [CMD] Retry 2 (seq=121)
  [RETRY] [CMD] Retry 3 (seq=121)
[t=220.0s] SEND DISARM
  [RETRY] [CMD] Retry 1 (seq=122)
  [RETRY] [CMD] Retry 2 (seq=122)
  [RETRY] [CMD] Retry 3 (seq=122)
[t=230.2s] SEND DISARM
  [RETRY] [CMD] Retry 1 (seq=123)
  [RETRY] [CMD] Retry 2 (seq=123)
  [RETRY] [CMD] Retry 3 (seq=123)
  [ACK] [CMD] ACK'd (seq=123)
[t=240.2s] SEND DISARM
  [RETRY] [CMD] Retry 1 (seq=124)
  [RETRY] [CMD] Retry 2 (seq=124)
  [RETRY] [CMD] Retry 3 (seq=124)
[t=250.3s] SEND DISARM
  [RETRY] [CMD] Retry 1 (seq=125)
  [RETRY] [CMD] Retry 2 (seq=125)
  [RETRY] [CMD] Retry 3 (seq=125)
[t=260.1s] SEND DISARM
  [RETRY] [CMD] Retry 1 (seq=126)
  [RETRY] [CMD] Retry 2 (seq=126)
  [ACK] [CMD] ACK'd (seq=126)
[t=270.1s] SEND DISARM
  [RETRY] [CMD] Retry 1 (seq=127)
  [RETRY] [CMD] Retry 2 (seq=127)
  [RETRY] [CMD] Retry 3 (seq=127)
  [ACK] [CMD] ACK'd (seq=127)
[t=280.1s] SEND DISARM
  [RETRY] [CMD] Retry 1 (seq=128)
  [RETRY] [CMD] Retry 2 (seq=128)
  [RETRY] [CMD] Retry 3 (seq=128)
[t=290.3s] SEND DISARM

============================================================
RESULTS
============================================================
Duration:    292.6 s
Sent:        30
ACK'd:       10
  first-try:   2
  retry 1:     1
  retry 2:     3
  retry 3:     4
DENIED:      0
Retries:     73 (total retry log lines)
Failed:      0
ACK rate:       33.3%
First-try rate: 6.7%  (IVP-T1 headline metric)
Fail rate:      0.0%
============================================================
Raw transcript saved to: logs/ack_stress_20260418_223554.log
CSV saved to: logs/stage_t/t1_run1.csv
